<?xml version="1.0" encoding="UTF-8"?>
<!-- Generated by org.testng.reporters.JUnitReportReporter -->
<testsuite hostname="DESKTOP-4J5DF41" failures="0" tests="1" name="com.Scripts.SwagLabs" time="14.718" errors="0" timestamp="2024-06-05T22:37:11 IST" skipped="0">
  <testcase classname="com.Scripts.SwagLabs" name="regression" time="14.718">
    <system-out>
      <![CDATA[loginpage completed sucessfully
 sucessfully loged in sucessfully and entered into address_page_info()
 sucessfully completed address_page_info()and entered into validation_thank_you_page() 
 sucessfully completed validation_thank_you_page() 
  loged out sucessfully and enterd into close_browser()page]]>
    </system-out>
  </testcase> <!-- regression -->
  <system-out>
    <![CDATA[loginpage completed sucessfully
 sucessfully loged in sucessfully and entered into address_page_info()
 sucessfully completed address_page_info()and entered into validation_thank_you_page() 
 sucessfully completed validation_thank_you_page() 
  loged out sucessfully and enterd into close_browser()page]]>
  </system-out>
</testsuite> <!-- com.Scripts.SwagLabs -->
