<?xml version="1.0" encoding="UTF-8"?>
<!-- Generated by org.testng.reporters.JUnitReportReporter -->
<testsuite hostname="DESKTOP-4J5DF41" failures="0" tests="1" name="PomScripts.LoginTest" time="0.924" errors="0" timestamp="2024-05-26T11:49:51 IST" skipped="0">
  <testcase classname="PomScripts.LoginTest" name="LoginTest" time="0.924">
    <system-out>
      <![CDATA[ sucessfully navigated to url and eneterd into login page ]]>
    </system-out>
  </testcase> <!-- LoginTest -->
  <system-out>
    <![CDATA[oprnrd
 sucessfully navigated to url and eneterd into login page ]]>
  </system-out>
</testsuite> <!-- PomScripts.LoginTest -->
