<?xml version="1.0" encoding="UTF-8"?>
<!-- Generated by org.testng.reporters.JUnitReportReporter -->
<testsuite hostname="DESKTOP-4J5DF41" failures="0" tests="1" name="com.Scripts.ClockIn" time="60.293" errors="0" timestamp="2024-06-12T16:39:46 IST" skipped="0">
  <testcase classname="com.Scripts.ClockIn" name="ppulse" time="60.293"/>
</testsuite> <!-- com.Scripts.ClockIn -->
