<?xml version="1.0" encoding="UTF-8"?>
<!-- Generated by org.testng.reporters.JUnitReportReporter -->
<testsuite hostname="DESKTOP-4J5DF41" failures="0" tests="3" name="com.Scripts.swag3" time="11.229" errors="0" timestamp="2024-05-23T12:20:38 IST" skipped="0">
  <testcase classname="com.Scripts.swag3" name="regression" time="3.769"/>
  <testcase classname="com.Scripts.swag3" name="address_page_info" time="4.029">
    <system-out>
      <![CDATA[ sucessfully loged in sucessfully and entered into address_page_info()]]>
    </system-out>
  </testcase> <!-- address_page_info -->
  <testcase classname="com.Scripts.swag3" name="validation_thank_you_page" time="3.431">
    <system-out>
      <![CDATA[ sucessfully completed address_page_info()and entered into validation_thank_you_page() 
 sucessfully completed validation_thank_you_page() 
  loged out sucessfully and enterd into close_browser()page]]>
    </system-out>
  </testcase> <!-- validation_thank_you_page -->
  <system-out>
    <![CDATA[ browser opened
 sucessfully loged in sucessfully and entered into address_page_info()
 sucessfully completed address_page_info()and entered into validation_thank_you_page() 
 sucessfully completed validation_thank_you_page() 
  loged out sucessfully and enterd into close_browser()page]]>
  </system-out>
</testsuite> <!-- com.Scripts.swag3 -->
