<?xml version="1.0" encoding="UTF-8"?>
<!-- Generated by org.testng.reporters.JUnitReportReporter -->
<testsuite hostname="DESKTOP-4J5DF41" failures="0" tests="1" name="PomScripts.AddToCartTest" time="2.280" errors="0" timestamp="2024-05-25T12:07:45 IST" skipped="0">
  <testcase classname="PomScripts.AddToCartTest" name="addingProduct" time="2.280"/>
  <system-out>
    <![CDATA[oprnrd]]>
  </system-out>
</testsuite> <!-- PomScripts.AddToCartTest -->
