<?xml version="1.0" encoding="UTF-8"?>
<!-- Generated by org.testng.reporters.JUnitReportReporter -->
<testsuite hostname="DESKTOP-4J5DF41" failures="0" tests="1" name="com.Scripts.ClockOut$ClockIn" time="10.520" errors="0" timestamp="2024-06-11T20:09:04 IST" skipped="0">
  <testcase classname="com.Scripts.ClockOut$ClockIn" name="ppulse" time="10.520"/>
</testsuite> <!-- com.Scripts.ClockOut$ClockIn -->
